androidApp/sandbox/gatt/app/build/intermediates/manifest_merge_blame_file/debug/manifest-merger-blame-debug-report.txt
1<?xml version="1.0" encoding="utf-8"?>
2<manifest xmlns:android="http://schemas.android.com/apk/res/android"
3    package="com.example.gattbluetoothsandbox"
4    android:versionCode="1"
5    android:versionName="1.0" >
6
7    <uses-sdk
8        android:minSdkVersion="16"
8-->src/main/AndroidManifest.xml
9        android:targetSdkVersion="29" />
9-->src/main/AndroidManifest.xml
10
11    <!-- miguel add ons -->
12    <uses-permission android:name="android.permission.BLUETOOTH" />
12-->src/main/AndroidManifest.xml:6:5-67
12-->src/main/AndroidManifest.xml:6:22-65
13    <uses-permission android:name="android.permission.BLUETOOTH_ADMIN" />
13-->src/main/AndroidManifest.xml:7:5-73
13-->src/main/AndroidManifest.xml:7:22-71
14
15    <!-- for ble -->
16    <uses-feature
16-->src/main/AndroidManifest.xml:10:5-89
17        android:name="android.hardware.bluetooth_le"
17-->src/main/AndroidManifest.xml:10:19-63
18        android:required="true" />
18-->src/main/AndroidManifest.xml:10:64-87
19
20    <!-- end of miguel add ons -->
21    <application
21-->src/main/AndroidManifest.xml:14:5-31:19
22        android:allowBackup="true"
22-->src/main/AndroidManifest.xml:15:9-35
23        android:appComponentFactory="androidx.core.app.CoreComponentFactory"
23-->[androidx.core:core:1.1.0] AndroidManifest.xml:24:18-86
24        android:debuggable="true"
25        android:icon="@mipmap/ic_launcher"
25-->src/main/AndroidManifest.xml:16:9-43
26        android:label="@string/app_name"
26-->src/main/AndroidManifest.xml:17:9-41
27        android:roundIcon="@mipmap/ic_launcher_round"
27-->src/main/AndroidManifest.xml:18:9-54
28        android:supportsRtl="true"
28-->src/main/AndroidManifest.xml:19:9-35
29        android:testOnly="true"
30        android:theme="@style/AppTheme" >
30-->src/main/AndroidManifest.xml:20:9-40
31        <activity
31-->src/main/AndroidManifest.xml:21:9-30:20
32            android:name="com.example.gattbluetoothsandbox.MainActivity"
32-->src/main/AndroidManifest.xml:22:13-41
33            android:label="@string/app_name"
33-->src/main/AndroidManifest.xml:23:13-45
34            android:theme="@style/AppTheme.NoActionBar" >
34-->src/main/AndroidManifest.xml:24:13-56
35            <intent-filter>
35-->src/main/AndroidManifest.xml:25:13-29:29
36                <action android:name="android.intent.action.MAIN" />
36-->src/main/AndroidManifest.xml:26:17-69
36-->src/main/AndroidManifest.xml:26:25-66
37
38                <category android:name="android.intent.category.LAUNCHER" />
38-->src/main/AndroidManifest.xml:28:17-77
38-->src/main/AndroidManifest.xml:28:27-74
39            </intent-filter>
40        </activity>
41    </application>
42
43</manifest>